make all --print-data-base --no-builtin-variables --no-builtin-rules --question
make: *** No rule to make target 'all'.  Stop.
 
# GNU Make 4.2.1
# Built for x86_64-pc-linux-gnu
# Copyright (C) 1988-2016 Free Software Foundation, Inc.
# License GPLv3+: GNU GPL version 3 or later <http://gnu.org/licenses/gpl.html>
# This is free software: you are free to change and redistribute it.
# There is NO WARRANTY, to the extent permitted by law.

# Make data base, printed on Wed Jan 26 01:32:57 2022

# Variables

# makefile (from 'Makefile', line 283)
QEMUGDB = $(shell if $(QEMU) -help | grep -q '^-gdb'; then echo "-gdb tcp::$(GDBPORT)"; else echo "-s -p $(GDBPORT)"; fi)
# automatic
<D = $(patsubst %/,%,$(dir $<))
# automatic
?F = $(notdir $?)
# default
.SHELLFLAGS := -c
# makefile (from 'Makefile', line 86)
QEMU = qemu-system-riscv64
# environment
XDG_SESSION_CLASS = user
# environment
VSCODE_AGENT_FOLDER = /home/ad56583964/.vscode-server
# environment
XDG_SESSION_TYPE = tty
# environment
VSCODE_LOG_NATIVE = false
# automatic
?D = $(patsubst %/,%,$(dir $?))
# automatic
@D = $(patsubst %/,%,$(dir $@))
# automatic
@F = $(notdir $@)
# default
MAKE_VERSION := 4.2.1
# makefile
CURDIR := /home/ad56583964/cs828/xv6-labs-2021
# makefile (from 'Makefile', line 8)
K = kernel
# makefile
SHELL = /bin/sh
# makefile (from 'Makefile', line 9)
U = user
# environment
VSCODE_NLS_CONFIG = {"locale":"zh-cn","availableLanguages":{}}
# environment
_ = /home/ad56583964/.vscode-server/bin/899d46d82c4c95423fb7e10e68eba52050e30ba3/node
# makefile (from 'Makefile', line 119)
CFLAGS = -Wall -Werror -O -fno-omit-frame-pointer -ggdb $(XCFLAGS) -MD -mcmodel=medany -ffreestanding -fno-common -nostdlib -mno-relax -I. $(shell $(CC) -fno-stack-protector -E -x c /dev/null >/dev/null 2>&1 && echo -fno-stack-protector) -fno-pie -no-pie
# makefile (from 'Makefile', line 379)
UPSTREAM := origin
# makefile (from 'Makefile', line 281)
GDBPORT = $(shell expr `id -u` % 5000 + 25000)
# makefile (from 'user/ln.d', line 1)
MAKEFILE_LIST :=  Makefile conf/lab.mk kernel/proc.d kernel/fs.d kernel/string.d kernel/exec.d kernel/syscall.d kernel/log.d kernel/printf.d kernel/trap.d kernel/uart.d kernel/vm.d kernel/sysfile.d kernel/pipe.d kernel/bio.d kernel/sleeplock.d kernel/console.d kernel/spinlock.d kernel/virtio_disk.d kernel/file.d kernel/main.d kernel/sysproc.d kernel/kalloc.d kernel/plic.d kernel/start.d user/wc.d user/sh.d user/primes.d user/ulib.d user/sleep.d user/init.d user/grind.d user/usys.d user/kill.d user/pingpong.d user/initcode.d user/ls.d user/mkdir.d user/umalloc.d user/echo.d user/forktest.d user/grep.d user/printf.d user/usertests.d user/rm.d user/cat.d user/stressfs.d user/test.d user/zombie.d user/ln.d
# 'override' directive
GNUMAKEFLAGS := 
# environment
XDG_DATA_DIRS = /usr/local/share:/usr/share:/var/lib/snapd/desktop
# environment
DBUS_SESSION_BUS_ADDRESS = unix:path=/run/user/1000/bus
# environment
VSCODE_VERBOSE_LOGGING = true
# makefile (from 'Makefile', line 89)
AS = $(TOOLPREFIX)gas
# makefile (from 'Makefile', line 11)
OBJS = $K/entry.o $K/kalloc.o $K/string.o $K/main.o $K/vm.o $K/proc.o $K/swtch.o $K/trampoline.o $K/trap.o $K/syscall.o $K/sysproc.o $K/bio.o $K/fs.o $K/log.o $K/sleeplock.o $K/file.o $K/pipe.o $K/exec.o $K/sysfile.o $K/kernelvec.o $K/plic.o $K/virtio_disk.o
# environment
LESSOPEN = | /usr/bin/lesspipe %s
# environment
VSCODE_CWD = /home/ad56583964
# makefile (from 'Makefile', line 35)
OBJS_KCSAN = $K/start.o $K/console.o $K/printf.o $K/uart.o $K/spinlock.o
# environment
SSH_CONNECTION = 192.168.31.1 4443 192.168.31.128 22
# environment
PATH = /home/ad56583964/.vscode-server/bin/899d46d82c4c95423fb7e10e68eba52050e30ba3/bin:/home/ad56583964/.local/bin:/home/ad56583964/.vscode-server/bin/899d46d82c4c95423fb7e10e68eba52050e30ba3/bin:/usr/local/sbin:/usr/local/bin:/usr/sbin:/usr/bin:/sbin:/bin:/usr/games:/usr/local/games:/snap/bin
# makefile (from 'Makefile', line 90)
LD = $(TOOLPREFIX)ld
# environment
XDG_RUNTIME_DIR = /run/user/1000
# makefile (from 'Makefile', line 287)
CPUS := 3
# environment
VSCODE_LOG_STACK = false
# environment
VSCODE_IPC_HOOK_CLI = /run/user/1000/vscode-ipc-cde38172-803b-41f2-8de1-37f979c31e1f.sock
# makefile (from 'Makefile', line 125)
LDFLAGS = -z max-page-size=4096
# makefile (from 'Makefile', line 147)
ULIB = $U/ulib.o $U/usys.o $U/printf.o $U/umalloc.o
# default
.FEATURES := target-specific order-only second-expansion else-if shortest-stem undefine oneshell archives jobserver output-sync check-symlink load
# environment
LS_COLORS = 
# automatic
%F = $(notdir $%)
# environment
VSCODE_PIPE_LOGGING = true
# environment
PWD = /home/ad56583964/cs828/xv6-labs-2021
# default
.LOADED := 
# automatic
*D = $(patsubst %/,%,$(dir $*))
# makefile (from 'conf/lab.mk', line 1)
LAB = util
# environment
VSCODE_AMD_ENTRYPOINT = vs/server/remoteExtensionHostProcess
# environment
HOME = /home/ad56583964
# makefile (from 'Makefile', line 97)
LABUPPER = $(shell echo $(LAB) | tr a-z A-Z)
# environment
LESSCLOSE = /usr/bin/lesspipe %s %s
# makefile (from 'Makefile', line 347)
WEBSUB := https://6828.scripts.mit.edu/2021/handin.py
# environment
LOGNAME = ad56583964
# environment
APPLICATION_INSIGHTS_NO_DIAGNOSTIC_CHANNEL = true
# automatic
+F = $(notdir $+)
# environment
VSCODE_HANDLES_UNCAUGHT_ERRORS = true
# automatic
^D = $(patsubst %/,%,$(dir $^))
# environment
MAKELEVEL := 0
# default
MAKE = $(MAKE_COMMAND)
# default
MAKECMDGOALS := all
# environment
SHLVL = 0
# makefile (from 'Makefile', line 330)
GRADEFLAGS = -v
# makefile (from 'Makefile', line 88)
CC = $(TOOLPREFIX)gcc
# makefile (from 'Makefile', line 74)
TOOLPREFIX := riscv64-unknown-elf-
# environment
XDG_SESSION_ID = 3
# environment
USER = ad56583964
# makefile
.DEFAULT_GOAL := kernel/kernel
# automatic
%D = $(patsubst %/,%,$(dir $%))
# default
MAKE_COMMAND := make
# default
.VARIABLES := 
# automatic
*F = $(notdir $*)
# makefile
MAKEFLAGS = pqrR
# environment
MFLAGS = -pqrR
# environment
SSH_CLIENT = 192.168.31.1 4443 22
# automatic
+D = $(patsubst %/,%,$(dir $+))
# makefile (from 'Makefile', line 92)
OBJDUMP = $(TOOLPREFIX)objdump
# environment
BROWSER = /home/ad56583964/.vscode-server/bin/899d46d82c4c95423fb7e10e68eba52050e30ba3/bin/helpers/browser.sh
# makefile (from 'Makefile', line 98)
XCFLAGS = -DSOL_$(LABUPPER) -DLAB_$(LABUPPER)
# makefile (from 'Makefile', line 297)
QEMUOPTS = -machine virt -bios none -kernel $K/kernel -m 128M -smp $(CPUS) -nographic -drive file=fs.img,if=none,format=raw,id=x0 -device virtio-blk-device,drive=x0,bus=virtio-mmio-bus.0
# 'override' directive
.SHELLSTATUS := 0
# default
MAKEFILES := 
# automatic
<F = $(notdir $<)
# makefile (from 'Makefile', line 262)
UEXTRA =  user/xargstest.sh
# makefile (from 'Makefile', line 293)
FWDPORT = $(shell expr `id -u` % 5000 + 25999)
# environment
LC_ALL = C
# automatic
^F = $(notdir $^)
# makefile (from 'Makefile', line 91)
OBJCOPY = $(TOOLPREFIX)objcopy
# default
SUFFIXES := 
# makefile (from 'Makefile', line 179)
UPROGS = $U/_cat $U/_echo $U/_forktest $U/_grep $U/_init $U/_kill $U/_ln $U/_ls $U/_mkdir $U/_rm $U/_sh $U/_stressfs $U/_usertests $U/_grind $U/_wc $U/_zombie $U/_sleep $U/_pingpong $U/_test $U/_primes 
# default
.INCLUDE_DIRS = /usr/include /usr/local/include /usr/include
# environment
VSCODE_INJECT_NODE_MODULE_LOOKUP_PATH = /home/ad56583964/.vscode-server/bin/899d46d82c4c95423fb7e10e68eba52050e30ba3/remote/node_modules
# default
.RECIPEPREFIX := 
# default
MAKE_HOST := x86_64-pc-linux-gnu
# environment
LANG = C
# environment
VSCODE_EXTHOST_WILL_SEND_SOCKET = true
# environment
MOTD_SHOWN = pam
# variable set hash-table stats:
# Load=98/1024=10%, Rehash=0, Collisions=46/456=10%

# Pattern-specific Variable Values

# No pattern-specific variable values.

# Directories

# user (device 2053, inode 1925204): 142 files, no impossibilities.
# kernel (device 2053, inode 1925202): 101 files, no impossibilities.
# . (device 2053, inode 1925190): 25 files, no impossibilities.

# 268 files, no impossibilities in 3 directories.

# Implicit Rules

kernel/%.o: kernel/%.c
#  recipe to execute (from 'Makefile', line 135):
	$(CC) $(CFLAGS) $(EXTRAFLAG) -c -o $@ $<

_%: %.o user/ulib.o user/usys.o user/printf.o user/umalloc.o
#  recipe to execute (from 'Makefile', line 154):
	$(LD) $(LDFLAGS) -N -e main -Ttext 0 -o $@ $^
	$(OBJDUMP) -S $@ > $*.asm
	$(OBJDUMP) -t $@ | sed '1,/SYMBOL TABLE/d; s/ .* / /; /^$$/d' > $*.sym

# 2 implicit rules, 0 (0.0%) terminal.

# Files

# Not a target:
user/pingpong.c:
#  Implicit rule search has not been done.
#  Modification time never checked.
#  File has not been updated.

# Not a target:
kernel/sysfile.c:
#  Implicit rule search has not been done.
#  Modification time never checked.
#  File has not been updated.

user/sleep.o: user/sleep.c kernel/types.h kernel/stat.h user/user.h
#  Implicit rule search has not been done.
#  Modification time never checked.
#  File has not been updated.

# Not a target:
user/_ln:
#  Implicit rule search has not been done.
#  Modification time never checked.
#  File has not been updated.

user/ln.o: user/ln.c kernel/types.h kernel/stat.h user/user.h
#  Implicit rule search has not been done.
#  Modification time never checked.
#  File has not been updated.

# makefile (from 'Makefile', line 132)
kernel/fs.o: EXTRAFLAG := 
kernel/fs.o: kernel/fs.c kernel/types.h kernel/riscv.h kernel/defs.h kernel/param.h kernel/stat.h kernel/spinlock.h kernel/proc.h kernel/sleeplock.h kernel/fs.h kernel/buf.h kernel/file.h
#  Implicit rule search has not been done.
#  Modification time never checked.
#  File has not been updated.
# variable set hash-table stats:
# Load=1/32=3%, Rehash=0, Collisions=0/2=0%

 
# Not a target:
kernel/exec.c:
#  Implicit rule search has not been done.
#  Modification time never checked.
#  File has not been updated.

handin: tarball-pref myapi.key
#  Phony target (prerequisite of .PHONY).
#  Implicit rule search has not been done.
#  File does not exist.
#  File has not been updated.
#  recipe to execute (from 'Makefile', line 350):
	@SUF=$(LAB); \
	curl -f -F file=@lab-$$SUF-handin.tar.gz -F key=\<myapi.key $(WEBSUB)/upload \
	    > /dev/null || { \
		echo ; \
		echo Submit seems to have failed.; \
		echo Please go to $(WEBSUB)/ and upload the tarball manually.; }

# Not a target:
user/primes.c:
#  Implicit rule search has not been done.
#  Modification time never checked.
#  File has not been updated.

user/grind.o: user/grind.c kernel/param.h kernel/types.h kernel/stat.h user/user.h kernel/fs.h kernel/fcntl.h kernel/syscall.h kernel/memlayout.h kernel/riscv.h
#  Implicit rule search has not been done.
#  Modification time never checked.
#  File has not been updated.

qemu: kernel/kernel fs.img
#  Implicit rule search has not been done.
#  Modification time never checked.
#  File has not been updated.
#  recipe to execute (from 'Makefile', line 305):
	$(QEMU) $(QEMUOPTS)

# Not a target:
kernel/virtio_disk.c:
#  Implicit rule search has not been done.
#  Modification time never checked.
#  File has not been updated.

# Not a target:
kernel/kalloc.d:
#  Implicit rule search has been done.
#  Last modified 2022-01-26 00:28:40.432237476
#  File has been updated.
#  Successfully updated.

# makefile (from 'Makefile', line 132)
kernel/exec.o: EXTRAFLAG := 
kernel/exec.o: kernel/exec.c kernel/types.h kernel/param.h kernel/memlayout.h kernel/riscv.h kernel/spinlock.h kernel/proc.h kernel/defs.h kernel/elf.h
#  Implicit rule search has not been done.
#  Modification time never checked.
#  File has not been updated.
# variable set hash-table stats:
# Load=1/32=3%, Rehash=0, Collisions=0/2=0%

mkfs/mkfs: mkfs/mkfs.c kernel/fs.h kernel/param.h
#  Implicit rule search has not been done.
#  Modification time never checked.
#  File has not been updated.
#  recipe to execute (from 'Makefile', line 171):
	gcc $(XCFLAGS) -Werror -Wall -I. -o mkfs/mkfs mkfs/mkfs.c

# Not a target:
kernel/printf.c:
#  Implicit rule search has not been done.
#  Modification time never checked.
#  File has not been updated.

user/cat.o: user/cat.c kernel/types.h kernel/stat.h user/user.h
#  Implicit rule search has not been done.
#  Modification time never checked.
#  File has not been updated.

# Not a target:
kernel/file.h:
#  Implicit rule search has not been done.
#  Modification time never checked.
#  File has not been updated.

user/mkdir.o: user/mkdir.c kernel/types.h kernel/stat.h user/user.h
#  Implicit rule search has not been done.
#  Modification time never checked.
#  File has not been updated.

# Not a target:
user/_mkdir:
#  Implicit rule search has not been done.
#  Modification time never checked.
#  File has not been updated.

# Not a target:
all:
#  Command line target.
#  Implicit rule search has been done.
#  File does not exist.
#  File has not been updated.

# Not a target:
%.o:
#  Precious file (prerequisite of .PRECIOUS).
#  Implicit rule search has not been done.
#  Modification time never checked.
#  File has not been updated.

user/sh.o: user/sh.c kernel/types.h user/user.h kernel/fcntl.h
#  Implicit rule search has not been done.
#  Modification time never checked.
#  File has not been updated.

# Not a target:
user/kill.c:
#  Implicit rule search has not been done.
#  Modification time never checked.
#  File has not been updated.

# Not a target:
kernel/spinlock.h:
#  Implicit rule search has not been done.
#  Modification time never checked.
#  File has not been updated.

# Not a target:
kernel/console.d:
#  Implicit rule search has been done.
#  Last modified 2022-01-26 00:28:41.472221281
#  File has been updated.
#  Successfully updated.

# Not a target:
kernel/proc.h:
#  Implicit rule search has not been done.
#  Modification time never checked.
#  File has not been updated.

.PHONY: handin tarball tarball-pref clean grade handin-check
#  Implicit rule search has not been done.
#  Modification time never checked.
#  File has not been updated.

# Not a target:
kernel/kernel.ld:
#  Implicit rule search has not been done.
#  Modification time never checked.
#  File has not been updated.

kernel/uart.o: kernel/uart.c kernel/types.h kernel/param.h kernel/memlayout.h kernel/riscv.h kernel/spinlock.h kernel/proc.h kernel/defs.h
#  Implicit rule search has not been done.
#  Modification time never checked.
#  File has not been updated.

# makefile (from 'Makefile', line 132)
kernel/sleeplock.o: EXTRAFLAG := 
kernel/sleeplock.o: kernel/sleeplock.c kernel/types.h kernel/riscv.h kernel/defs.h kernel/param.h kernel/memlayout.h kernel/spinlock.h kernel/proc.h kernel/sleeplock.h
#  Implicit rule search has not been done.
#  Modification time never checked.
#  File has not been updated.
# variable set hash-table stats:
# Load=1/32=3%, Rehash=0, Collisions=0/2=0%

# makefile (from 'Makefile', line 132)
kernel/plic.o: EXTRAFLAG := 
kernel/plic.o: kernel/plic.c kernel/types.h kernel/param.h kernel/memlayout.h kernel/riscv.h kernel/defs.h
#  Implicit rule search has not been done.
#  Modification time never checked.
#  File has not been updated.
# variable set hash-table stats:
# Load=1/32=3%, Rehash=0, Collisions=0/2=0%

user/init.o: user/init.c kernel/types.h kernel/stat.h kernel/spinlock.h kernel/sleeplock.h kernel/fs.h kernel/file.h user/user.h kernel/fcntl.h
#  Implicit rule search has not been done.
#  Modification time never checked.
#  File has not been updated.

# Not a target:
user/_init:
#  Implicit rule search has not been done.
#  Modification time never checked.
#  File has not been updated.

# makefile (from 'Makefile', line 132)
kernel/log.o: EXTRAFLAG := 
kernel/log.o: kernel/log.c kernel/types.h kernel/riscv.h kernel/defs.h kernel/param.h kernel/spinlock.h kernel/sleeplock.h kernel/fs.h kernel/buf.h
#  Implicit rule search has not been done.
#  Modification time never checked.
#  File has not been updated.
# variable set hash-table stats:
# Load=1/32=3%, Rehash=0, Collisions=0/2=0%

# Not a target:
user/wc.c:
#  Implicit rule search has not been done.
#  Modification time never checked.
#  File has not been updated.

handin-check:
#  Phony target (prerequisite of .PHONY).
#  Implicit rule search has not been done.
#  File does not exist.
#  File has not been updated.
#  recipe to execute (from 'Makefile', line 358):
	@if ! test -d .git; then \
		echo No .git directory, is this a git repository?; \
		false; \
	fi
	@if test "$$(git symbolic-ref HEAD)" != refs/heads/$(LAB); then \
		git branch; \
		read -p "You are not on the $(LAB) branch.  Hand-in the current branch? [y/N] " r; \
		test "$$r" = y; \
	fi
	@if ! git diff-files --quiet || ! git diff-index --quiet --cached HEAD; then \
		git status -s; \
		echo; \
		echo "You have uncomitted changes.  Please commit or stash them."; \
		false; \
	fi
	@if test -n "`git status -s`"; then \
		git status -s; \
		read -p "Untracked files will not be handed in.  Continue? [y/N] " r; \
		test "$$r" = y; \
	fi

# Not a target:
user/echo.c:
#  Implicit rule search has not been done.
#  Modification time never checked.
#  File has not been updated.

user/usys.S: user/usys.pl
#  Implicit rule search has not been done.
#  Modification time never checked.
#  File has not been updated.
#  recipe to execute (from 'Makefile', line 159):
	perl $U/usys.pl > $U/usys.S

.PRECIOUS: %.o
#  Implicit rule search has not been done.
#  Modification time never checked.
#  File has not been updated.

# Not a target:
kernel/bio.d:
#  Implicit rule search has been done.
#  Last modified 2022-01-26 00:28:40.876230577
#  File has been updated.
#  Successfully updated.

# Not a target:
kernel/start.c:
#  Implicit rule search has not been done.
#  Modification time never checked.
#  File has not been updated.

# Not a target:
README:
#  Implicit rule search has not been done.
#  Modification time never checked.
#  File has not been updated.

# makefile (from 'Makefile', line 132)
kernel/syscall.o: EXTRAFLAG := 
kernel/syscall.o: kernel/syscall.c kernel/types.h kernel/param.h kernel/memlayout.h kernel/riscv.h kernel/spinlock.h kernel/proc.h kernel/syscall.h kernel/defs.h
#  Implicit rule search has not been done.
#  Modification time never checked.
#  File has not been updated.
# variable set hash-table stats:
# Load=1/32=3%, Rehash=0, Collisions=0/2=0%

# Not a target:
kernel/memlayout.h:
#  Implicit rule search has not been done.
#  Modification time never checked.
#  File has not been updated.

user/rm.o: user/rm.c kernel/types.h kernel/stat.h user/user.h
#  Implicit rule search has not been done.
#  Modification time never checked.
#  File has not been updated.

# Not a target:
user/ls.c:
#  Implicit rule search has not been done.
#  Modification time never checked.
#  File has not been updated.

print-gdbport:
#  Implicit rule search has not been done.
#  Modification time never checked.
#  File has not been updated.
#  recipe to execute (from 'Makefile', line 334):
	@echo $(GDBPORT)
 

# Not a target:
user/stressfs.c:
#  Implicit rule search has not been done.
#  Modification time never checked.
#  File has not been updated.

# Not a target:
user/kill.d:
#  Implicit rule search has been done.
#  Last modified 2022-01-26 00:28:42.300208334
#  File has been updated.
#  Successfully updated.

# makefile (from 'Makefile', line 132)
kernel/vm.o: EXTRAFLAG := 
kernel/vm.o: kernel/vm.c kernel/param.h kernel/types.h kernel/memlayout.h kernel/elf.h kernel/riscv.h kernel/defs.h kernel/fs.h
#  Implicit rule search has not been done.
#  Modification time never checked.
#  File has not been updated.
# variable set hash-table stats:
# Load=1/32=3%, Rehash=0, Collisions=0/2=0%

# Not a target:
kernel/fcntl.h:
#  Implicit rule search has not been done.
#  Modification time never checked.
#  File has not been updated.

# Not a target:
kernel/console.c:
#  Implicit rule search has not been done.
#  Modification time never checked.
#  File has not been updated.

# Not a target:
user/ulib.c:
#  Implicit rule search has not been done.
#  Modification time never checked.
#  File has not been updated.

# makefile (from 'Makefile', line 132)
kernel/trampoline.o: EXTRAFLAG := 
# Not a target:
kernel/trampoline.o:
#  Implicit rule search has not been done.
#  Modification time never checked.
#  File has not been updated.
# variable set hash-table stats:
# Load=1/32=3%, Rehash=0, Collisions=0/2=0%

# Not a target:
user/_stressfs:
#  Implicit rule search has not been done.
#  Modification time never checked.
#  File has not been updated.

# Not a target:
user/initcode.S:
#  Implicit rule search has not been done.
#  Modification time never checked.
#  File has not been updated.

# Not a target:
kernel/exec.d:
#  Implicit rule search has been done.
#  Last modified 2022-01-26 00:28:41.216225278
#  File has been updated.
#  Successfully updated.

# Not a target:
_init:
#  Implicit rule search has not been done.
#  Modification time never checked.
#  File has not been updated.

user/forktest.o: user/forktest.c kernel/types.h kernel/stat.h user/user.h
#  Implicit rule search has not been done.
#  Modification time never checked.
#  File has not been updated.

# Not a target:
user/umalloc.d:
#  Implicit rule search has been done.
#  Last modified 2022-01-26 00:28:42.060212098
#  File has been updated.
#  Successfully updated.

tags: kernel/entry.o kernel/kalloc.o kernel/string.o kernel/main.o kernel/vm.o kernel/proc.o kernel/swtch.o kernel/trampoline.o kernel/trap.o kernel/syscall.o kernel/sysproc.o kernel/bio.o kernel/fs.o kernel/log.o kernel/sleeplock.o kernel/file.o kernel/pipe.o kernel/exec.o kernel/sysfile.o kernel/kernelvec.o kernel/plic.o kernel/virtio_disk.o _init
#  Implicit rule search has not been done.
#  Modification time never checked.
#  File has not been updated.
#  recipe to execute (from 'Makefile', line 145):
	etags *.S *.c

user/_forktest: user/forktest.o user/ulib.o user/usys.o user/printf.o user/umalloc.o
#  Implicit rule search has not been done.
#  Modification time never checked.
#  File has not been updated.
#  recipe to execute (from 'Makefile', line 165):
	# forktest has less library code linked in - needs to be small
	# in order to be able to max out the proc table.
	$(LD) $(LDFLAGS) -N -e main -Ttext 0 -o $U/_forktest $U/forktest.o $U/ulib.o $U/usys.o
	$(OBJDUMP) -S $U/_forktest > $U/forktest.asm

# Not a target:
kernel/plic.d:
#  Implicit rule search has been done.
#  Last modified 2022-01-26 00:28:41.340223342
#  File has been updated.
#  Successfully updated.

# Not a target:
Makefile:
#  Implicit rule search has been done.
#  Last modified 2022-01-20 00:39:07.723180248
#  File has been updated.
#  Successfully updated.

# Not a target:
kernel/pipe.c:
#  Implicit rule search has not been done.
#  Modification time never checked.
#  File has not been updated.

# Not a target:
user/grep.c:
#  Implicit rule search has not been done.
#  Modification time never checked.
#  File has not been updated.

# Not a target:
user/test.c:
#  Implicit rule search has not been done.
#  Modification time never checked.
#  File has not been updated.

# Not a target:
kernel/file.d:
#  Implicit rule search has been done.
#  Last modified 2022-01-26 00:28:41.128226651
#  File has been updated.
#  Successfully updated.

user/echo.o: user/echo.c kernel/types.h kernel/stat.h user/user.h
#  Implicit rule search has not been done.
#  Modification time never checked.
#  File has not been updated.

# Not a target:
kernel/buf.h:
#  Implicit rule search has not been done.
#  Modification time never checked.
#  File has not been updated.

# Not a target:
kernel/spinlock.d:
#  Implicit rule search has been done.
#  Last modified 2022-01-26 00:28:41.592219408
#  File has been updated.
#  Successfully updated.

# Not a target:
kernel/proc.d:
#  Implicit rule search has been done.
#  Last modified 2022-01-26 00:28:40.704233249
#  File has been updated.
#  Successfully updated.

# Not a target:
kernel/main.c:
#  Implicit rule search has not been done.
#  Modification time never checked.
#  File has not been updated.

tarball: handin-check
#  Phony target (prerequisite of .PHONY).
#  Implicit rule search has not been done.
#  File does not exist.
#  File has not been updated.
#  recipe to execute (from 'Makefile', line 382):
	git archive --format=tar HEAD | gzip > lab-$(LAB)-handin.tar.gz

# Not a target:
user/grind.c:
#  Implicit rule search has not been done.
#  Modification time never checked.
#  File has not been updated.

# Not a target:
user/sleep.c:
#  Implicit rule search has not been done.
#  Modification time never checked.
#  File has not been updated.

# Not a target:
user/ln.c:
#  Implicit rule search has not been done.
#  Modification time never checked.
#  File has not been updated.

# Not a target:
kernel/string.d:
#  Implicit rule search has been done.
#  Last modified 2022-01-26 00:28:40.476236793
#  File has been updated.
#  Successfully updated.

# makefile (from 'Makefile', line 132)
kernel/kalloc.o: EXTRAFLAG := 
kernel/kalloc.o: kernel/kalloc.c kernel/types.h kernel/param.h kernel/memlayout.h kernel/spinlock.h kernel/riscv.h kernel/defs.h
#  Implicit rule search has not been done.
#  Modification time never checked.
#  File has not been updated.
# variable set hash-table stats:
# Load=1/32=3%, Rehash=0, Collisions=0/2=0%

grade:
#  Phony target (prerequisite of .PHONY).
#  Implicit rule search has not been done.
#  File does not exist.
#  File has not been updated.
#  recipe to execute (from 'Makefile', line 337):
	@echo $(MAKE) clean
	@$(MAKE) clean || \
          (echo "'make clean' failed.  HINT: Do you have another running instance of xv6?" && exit 1)
	./grade-lab-$(LAB) $(GRADEFLAGS)

# Not a target:
user/pingpong.d:
#  Implicit rule search has been done.
#  Last modified 2022-01-26 00:28:43.276193008
#  File has been updated.
#  Successfully updated.

# Not a target:
kernel/fs.c:
#  Implicit rule search has not been done.
#  Modification time never checked.
#  File has not been updated.

# Not a target:
kernel/sysfile.d:
#  Implicit rule search has been done.
#  Last modified 2022-01-26 00:28:41.300223966
#  File has been updated.
#  Successfully updated.

# Not a target:
user/_rm:
#  Implicit rule search has not been done.
#  Modification time never checked.
#  File has not been updated.

# Not a target:
user/_sleep:
#  Implicit rule search has not been done.
#  Modification time never checked.
#  File has not been updated.

# Not a target:
user/primes.d:
#  Implicit rule search has been done.
#  Last modified 2022-01-26 01:16:34.277411346
#  File has been updated.
#  Successfully updated.

# Not a target:
.gdbinit.tmpl-riscv:
#  Implicit rule search has not been done.
#  Modification time never checked.
#  File has not been updated.

# Not a target:
mkfs/mkfs.c:
#  Implicit rule search has not been done.
#  Modification time never checked.
 
#  File has not been updated.

# Not a target:
kernel/virtio_disk.d:
#  Implicit rule search has been done.
#  Last modified 2022-01-26 00:28:41.39222253
#  File has been updated.
#  Successfully updated.

# Not a target:
user/cat.c:
#  Implicit rule search has not been done.
#  Modification time never checked.
#  File has not been updated.

# Not a target:
user/mkdir.c:
#  Implicit rule search has not been done.
#  Modification time never checked.
#  File has not been updated.

# Not a target:
kernel/printf.d:
#  Implicit rule search has been done.
#  Last modified 2022-01-26 00:28:41.516220594
#  File has been updated.
#  Successfully updated.

kernel/kernel: kernel/entry.o kernel/kalloc.o kernel/string.o kernel/main.o kernel/vm.o kernel/proc.o kernel/swtch.o kernel/trampoline.o kernel/trap.o kernel/syscall.o kernel/sysproc.o kernel/bio.o kernel/fs.o kernel/log.o kernel/sleeplock.o kernel/file.o kernel/pipe.o kernel/exec.o kernel/sysfile.o kernel/kernelvec.o kernel/plic.o kernel/virtio_disk.o kernel/start.o kernel/console.o kernel/printf.o kernel/uart.o kernel/spinlock.o kernel/kernel.ld user/initcode
#  Implicit rule search has not been done.
#  Modification time never checked.
#  File has not been updated.
#  recipe to execute (from 'Makefile', line 128):
	$(LD) $(LDFLAGS) -T $K/kernel.ld -o $K/kernel $(OBJS) $(OBJS_KCSAN)
	$(OBJDUMP) -S $K/kernel > $K/kernel.asm
	$(OBJDUMP) -t $K/kernel | sed '1,/SYMBOL TABLE/d; s/ .* / /; /^$$/d' > $K/kernel.sym

user/printf.o: user/printf.c kernel/types.h kernel/stat.h user/user.h /usr/local/lib/gcc/riscv64-unknown-elf/11.1.0/include/stdarg.h
#  Implicit rule search has not been done.
#  Modification time never checked.
#  File has not been updated.

# Not a target:
user/_cat:
#  Implicit rule search has not been done.
#  Modification time never checked.
#  File has not been updated.

# makefile (from 'Makefile', line 132)
kernel/bio.o: EXTRAFLAG := 
kernel/bio.o: kernel/bio.c kernel/types.h kernel/param.h kernel/spinlock.h kernel/sleeplock.h kernel/riscv.h kernel/defs.h kernel/fs.h kernel/buf.h
#  Implicit rule search has not been done.
#  Modification time never checked.
#  File has not been updated.
# variable set hash-table stats:
# Load=1/32=3%, Rehash=0, Collisions=0/2=0%

# Not a target:
user/sh.c:
#  Implicit rule search has not been done.
#  Modification time never checked.
#  File has not been updated.

# Not a target:
kernel/trap.c:
#  Implicit rule search has not been done.
#  Modification time never checked.
#  File has not been updated.

# Not a target:
kernel/uart.c:
#  Implicit rule search has not been done.
#  Modification time never checked.
#  File has not been updated.

# Not a target:
user/_sh:
#  Implicit rule search has not been done.
#  Modification time never checked.
#  File has not been updated.

# Not a target:
kernel/trap.d:
#  Implicit rule search has been done.
#  Last modified 2022-01-26 00:28:40.764232317
#  File has been updated.
#  Successfully updated.

# Not a target:
kernel/plic.c:
#  Implicit rule search has not been done.
#  Modification time never checked.
#  File has not been updated.

# Not a target:
user/init.c:
#  Implicit rule search has not been done.
#  Modification time never checked.
#  File has not been updated.

.gdbinit: .gdbinit.tmpl-riscv
#  Implicit rule search has not been done.
#  Modification time never checked.
#  File has not been updated.
#  recipe to execute (from 'Makefile', line 308):
	sed "s/:1234/:$(GDBPORT)/" < $^ > $@

# Not a target:
kernel/log.c:
#  Implicit rule search has not been done.
#  Modification time never checked.
#  File has not been updated.

# Not a target:
user/_kill:
#  Implicit rule search has not been done.
#  Modification time never checked.
#  File has not been updated.

# Not a target:
user/zombie.d:
#  Implicit rule search has been done.
#  Last modified 2022-01-26 00:28:43.204194142
#  File has been updated.
#  Successfully updated.

user/kill.o: user/kill.c kernel/types.h kernel/stat.h user/user.h
#  Implicit rule search has not been done.
#  Modification time never checked.
#  File has not been updated.

# Not a target:
kernel/fs.h:
#  Implicit rule search has not been done.
#  Modification time never checked.
#  File has not been updated.

# makefile (from 'Makefile', line 132)
kernel/sysproc.o: EXTRAFLAG := 
kernel/sysproc.o: kernel/sysproc.c kernel/types.h kernel/riscv.h kernel/defs.h kernel/date.h kernel/param.h kernel/memlayout.h kernel/spinlock.h kernel/proc.h
#  Implicit rule search has not been done.
#  Modification time never checked.
#  File has not been updated.
# variable set hash-table stats:
# Load=1/32=3%, Rehash=0, Collisions=0/2=0%

# Not a target:
user/_echo:
#  Implicit rule search has not been done.
#  Modification time never checked.
#  File has not been updated.

fs.img: mkfs/mkfs README user/xargstest.sh user/_cat user/_echo user/_forktest user/_grep user/_init user/_kill user/_ln user/_ls user/_mkdir user/_rm user/_sh user/_stressfs user/_usertests user/_grind user/_wc user/_zombie user/_sleep user/_pingpong user/_test user/_primes
#  Implicit rule search has not been done.
#  Modification time never checked.
#  File has not been updated.
#  recipe to execute (from 'Makefile', line 267):
	mkfs/mkfs fs.img README $(UEXTRA) $(UPROGS)

# Not a target:
user/wc.d:
#  Implicit rule search has been done.
#  Last modified 2022-01-26 00:28:43.168194709
#  File has been updated.
#  Successfully updated.

# Not a target:
kernel/syscall.c:
#  Implicit rule search has not been done.
#  Modification time never checked.
#  File has not been updated.

# Not a target:
user/xargstest.sh:
#  Implicit rule search has not been done.
#  Modification time never checked.
#  File has not been updated.

# makefile (from 'Makefile', line 132)
kernel/swtch.o: EXTRAFLAG := 
# Not a target:
kernel/swtch.o:
#  Implicit rule search has not been done.
#  Modification time never checked.
#  File has not been updated.
# variable set hash-table stats:
# Load=1/32=3%, Rehash=0, Collisions=0/2=0%

# Not a target:
kernel/start.d:
#  Implicit rule search has been done.
#  Last modified 2022-01-26 00:28:41.424222031
#  File has been updated.
#  Successfully updated.

# Not a target:
user/usys.d:
#  Implicit rule search has been done.
#  Last modified 2022-01-26 00:28:41.972213476
#  File has been updated.
#  Successfully updated.

user/umalloc.o: user/umalloc.c kernel/types.h kernel/stat.h user/user.h kernel/param.h
#  Implicit rule search has not been done.
#  Modification time never checked.
#  File has not been updated.

# Not a target:
user/ls.d:
#  Implicit rule search has been done.
#  Last modified 2022-01-26 00:28:42.384207017
#  File has been updated.
#  Successfully updated.

# Not a target:
user/grep.d:
#  Implicit rule search has been done.
#  Last modified 2022-01-26 00:28:42.220209589
#  File has been updated.
#  Successfully updated.

# Not a target:
conf/lab.mk:
#  Implicit rule search has been done.
#  Last modified 2022-01-12 05:47:13.384771025
#  File has been updated.
#  Successfully updated.

# Not a target:
user/stressfs.d:
#  Implicit rule search has been done.
#  Last modified 2022-01-26 00:28:42.612203441
#  File has been updated.
#  Successfully updated.

# Not a target:
.DEFAULT:
#  Implicit rule search has not been done.
#  Modification time never checked.
#  File has not been updated.

# makefile (from 'Makefile', line 132)
kernel/file.o: EXTRAFLAG := 
kernel/file.o: kernel/file.c kernel/types.h kernel/riscv.h kernel/defs.h kernel/param.h kernel/fs.h kernel/spinlock.h kernel/sleeplock.h kernel/file.h kernel/stat.h kernel/proc.h
#  Implicit rule search has not been done.
#  Modification time never checked.
#  File has not been updated.
# variable set hash-table stats:
# Load=1/32=3%, Rehash=0, Collisions=0/2=0%

# Not a target:
user/ulib.d:
#  Implicit rule search has been done.
#  Last modified 2022-01-26 00:28:41.928214163
#  File has been updated.
#  Successfully updated.

# Not a target:
kernel/log.d:
#  Implicit rule search has been done.
#  Last modified 2022-01-26 00:28:41.052227838
#  File has been updated.
#  Successfully updated.

# Not a target:
user/umalloc.c:
#  Implicit rule search has not been done.
#  Modification time never checked.
#  File has not been updated.

# Not a target:
user/forktest.c:
#  Implicit rule search has not been done.
#  Modification time never checked.
#  File has not been updated.

 
# Not a target:
user/initcode.d:
#  Implicit rule search has been done.
#  Last modified 2022-01-26 00:28:41.612219096
#  File has been updated.
#  Successfully updated.

# Not a target:
user/usertests.c:
#  Implicit rule search has not been done.
#  Modification time never checked.
#  File has not been updated.

kernel/spinlock.o: kernel/spinlock.c kernel/types.h kernel/param.h kernel/memlayout.h kernel/spinlock.h kernel/riscv.h kernel/proc.h kernel/defs.h
#  Implicit rule search has not been done.
#  Modification time never checked.
#  File has not been updated.

# makefile (from 'Makefile', line 132)
kernel/proc.o: EXTRAFLAG := 
kernel/proc.o: kernel/proc.c kernel/types.h kernel/param.h kernel/memlayout.h kernel/riscv.h kernel/spinlock.h kernel/proc.h kernel/defs.h
#  Implicit rule search has not been done.
#  Modification time never checked.
#  File has not been updated.
# variable set hash-table stats:
# Load=1/32=3%, Rehash=0, Collisions=0/2=0%

# Not a target:
kernel/pipe.d:
#  Implicit rule search has been done.
#  Last modified 2022-01-26 00:28:41.172225965
#  File has been updated.
#  Successfully updated.

# Not a target:
kernel/sleeplock.h:
#  Implicit rule search has not been done.
#  Modification time never checked.
#  File has not been updated.

# Not a target:
kernel/param.h:
#  Implicit rule search has not been done.
#  Modification time never checked.
#  File has not been updated.

# makefile (from 'Makefile', line 132)
kernel/string.o: EXTRAFLAG := 
kernel/string.o: kernel/string.c kernel/types.h
#  Implicit rule search has not been done.
#  Modification time never checked.
#  File has not been updated.
# variable set hash-table stats:
# Load=1/32=3%, Rehash=0, Collisions=0/2=0%

user/pingpong.o: user/pingpong.c kernel/types.h kernel/stat.h user/user.h
#  Implicit rule search has not been done.
#  Modification time never checked.
#  File has not been updated.

qemu-gdb: kernel/kernel .gdbinit fs.img
#  Implicit rule search has not been done.
#  Modification time never checked.
#  File has not been updated.
#  recipe to execute (from 'Makefile', line 311):
	@echo "*** Now run 'gdb' in another window." 1>&2
	$(QEMU) $(QEMUOPTS) -S $(QEMUGDB)

# makefile (from 'Makefile', line 132)
kernel/sysfile.o: EXTRAFLAG := 
kernel/sysfile.o: kernel/sysfile.c kernel/types.h kernel/riscv.h kernel/defs.h kernel/param.h kernel/stat.h kernel/spinlock.h kernel/proc.h kernel/fs.h kernel/sleeplock.h kernel/file.h kernel/fcntl.h
#  Implicit rule search has not been done.
#  Modification time never checked.
#  File has not been updated.
# variable set hash-table stats:
# Load=1/32=3%, Rehash=0, Collisions=0/2=0%

# Not a target:
user/test.d:
#  Implicit rule search has been done.
#  Last modified 2022-01-26 01:14:38.442731086
#  File has been updated.
#  Successfully updated.

clean:
#  Phony target (prerequisite of .PHONY).
#  Implicit rule search has not been done.
#  File does not exist.
#  File has not been updated.
#  recipe to execute (from 'Makefile', line 272):
	rm -f *.tex *.dvi *.idx *.aux *.log *.ind *.ilg \
	*/*.o */*.d */*.asm */*.sym \
	$U/initcode $U/initcode.out $K/kernel fs.img \
	mkfs/mkfs .gdbinit \
        $U/usys.S \
	$(UPROGS) \
	ph barrier

# Not a target:
kernel/syscall.h:
#  Implicit rule search has not been done.
#  Modification time never checked.
#  File has not been updated.

# Not a target:
kernel/stat.h:
#  Implicit rule search has not been done.
#  Modification time never checked.
#  File has not been updated.

# makefile (from 'Makefile', line 132)
kernel/kernelvec.o: EXTRAFLAG := 
# Not a target:
kernel/kernelvec.o:
#  Implicit rule search has not been done.
#  Modification time never checked.
#  File has not been updated.
# variable set hash-table stats:
# Load=1/32=3%, Rehash=0, Collisions=0/2=0%

user/primes.o: user/primes.c kernel/types.h kernel/stat.h user/user.h
#  Implicit rule search has not been done.
#  Modification time never checked.
#  File has not been updated.

# Not a target:
kernel/elf.h:
#  Implicit rule search has not been done.
#  Modification time never checked.
#  File has not been updated.

# Not a target:
user/_pingpong:
#  Implicit rule search has not been done.
#  Modification time never checked.
#  File has not been updated.

tarball-pref: handin-check
#  Phony target (prerequisite of .PHONY).
#  Implicit rule search has not been done.
#  File does not exist.
#  File has not been updated.
#  recipe to execute (from 'Makefile', line 385):
	@SUF=$(LAB); \
	git archive --format=tar HEAD > lab-$$SUF-handin.tar; \
	git diff $(UPSTREAM)/$(LAB) > /tmp/lab-$$SUF-diff.patch; \
	tar -rf lab-$$SUF-handin.tar /tmp/lab-$$SUF-diff.patch; \
	gzip -c lab-$$SUF-handin.tar > lab-$$SUF-handin.tar.gz; \
	rm lab-$$SUF-handin.tar; \
	rm /tmp/lab-$$SUF-diff.patch; \


# Not a target:
kernel/sleeplock.c:
#  Implicit rule search has not been done.
#  Modification time never checked.
#  File has not been updated.

# Not a target:
kernel/main.d:
#  Implicit rule search has been done.
#  Last modified 2022-01-26 00:28:40.50023642
#  File has been updated.
#  Successfully updated.

# Not a target:
user/_zombie:
#  Implicit rule search has not been done.
#  Modification time never checked.
#  File has not been updated.

# Not a target:
user/rm.c:
#  Implicit rule search has not been done.
#  Modification time never checked.
#  File has not been updated.

# Not a target:
user/_test:
#  Implicit rule search has not been done.
#  Modification time never checked.
#  File has not been updated.

# Not a target:
user/grind.d:
#  Implicit rule search has been done.
#  Last modified 2022-01-26 00:28:43.120195465
#  File has been updated.
#  Successfully updated.

# Not a target:
user/sleep.d:
#  Implicit rule search has been done.
#  Last modified 2022-01-26 00:28:43.240193575
#  File has been updated.
#  Successfully updated.

# makefile (from 'Makefile', line 132)
kernel/virtio_disk.o: EXTRAFLAG := 
kernel/virtio_disk.o: kernel/virtio_disk.c kernel/types.h kernel/riscv.h kernel/defs.h kernel/param.h kernel/memlayout.h kernel/spinlock.h kernel/sleeplock.h kernel/fs.h kernel/buf.h kernel/virtio.h
#  Implicit rule search has not been done.
#  Modification time never checked.
#  File has not been updated.
# variable set hash-table stats:
# Load=1/32=3%, Rehash=0, Collisions=0/2=0%

# Not a target:
user/ln.d:
#  Implicit rule search has been done.
#  Last modified 2022-01-26 00:28:42.340207707
#  File has been updated.
#  Successfully updated.

# Not a target:
kernel/fs.d:
#  Implicit rule search has been done.
#  Last modified 2022-01-26 00:28:40.996228712
#  File has been updated.
#  Successfully updated.

kernel/printf.o: kernel/printf.c /usr/local/lib/gcc/riscv64-unknown-elf/11.1.0/include/stdarg.h kernel/types.h kernel/param.h kernel/spinlock.h kernel/sleeplock.h kernel/fs.h kernel/file.h kernel/memlayout.h kernel/riscv.h kernel/defs.h kernel/proc.h
#  Implicit rule search has not been done.
#  Modification time never checked.
#  File has not been updated.

# Not a target:
user/_primes:
#  Implicit rule search has not been done.
#  Modification time never checked.
#  File has not been updated.

# Not a target:
kernel/defs.h:
#  Implicit rule search has not been done.
#  Modification time never checked.
#  File has not been updated.

user/usertests.o: user/usertests.c kernel/param.h kernel/types.h kernel/stat.h user/user.h kernel/fs.h kernel/fcntl.h kernel/syscall.h kernel/memlayout.h kernel/riscv.h
#  Implicit rule search has not been done.
#  Modification time never checked.
#  File has not been updated.

# Not a target:
user/printf.d:
#  Implicit rule search has been done.
#  Last modified 2022-01-26 00:28:42.020212725
#  File has been updated.
#  Successfully updated.

# Not a target:
user/_usertests:
#  Implicit rule search has not been done.
#  Modification time never checked.
#  File has not been updated.

# Not a target:
user/zombie.c:
#  Implicit rule search has not been done.
#  Modification time never checked.
#  File has not been updated.

# makefile (from 'Makefile', line 132)
kernel/trap.o: EXTRAFLAG := 
kernel/trap.o: kernel/trap.c kernel/types.h kernel/param.h kernel/memlayout.h kernel/riscv.h kernel/spinlock.h kernel/proc.h kernel/defs.h
#  Implicit rule search has not been done.
#  Modification time never checked.
#  File has not been updated.
# variable set hash-table stats:
# Load=1/32=3%, Rehash=0, Collisions=0/2=0%

myapi.key:
#  Implicit rule search has not been done.
#  Modification time never checked.
#  File has not been updated.
#  recipe to execute (from 'Makefile', line 394):
	@echo Get an API key for yourself by visiting $(WEBSUB)/
	@read -p "Please enter your API key: " k; \
	if test `echo "$$k" |tr -d '\n' |wc -c` = 32 ; then \
		TF=`mktemp -t tmp.XXXXXX`; \
		if test "x$$TF" != "x" ; then \
			echo "$$k" |tr -d '\n' > $$TF; \
			mv -f $$TF $@; \
		else \
			echo mktemp failed; \
			false; \
		fi; \
	else \
		echo Bad API key: $$k; \
		echo An API key should be 32 characters long.; \
		false; \
	fi;

# Not a target:
user/cat.d:
#  Implicit rule search has been done.
#  Last modified 2022-01-26 00:28:42.084211722
#  File has been updated.
#  Successfully updated.
 

# Not a target:
user/mkdir.d:
#  Implicit rule search has been done.
#  Last modified 2022-01-26 00:28:42.428206327
#  File has been updated.
#  Successfully updated.

# Not a target:
user/_wc:
#  Implicit rule search has not been done.
#  Modification time never checked.
#  File has not been updated.

# Not a target:
kernel/sysproc.d:
#  Implicit rule search has been done.
#  Last modified 2022-01-26 00:28:40.836231198
#  File has been updated.
#  Successfully updated.

# Not a target:
user/printf.c:
#  Implicit rule search has not been done.
#  Modification time never checked.
#  File has not been updated.

# Not a target:
kernel/bio.c:
#  Implicit rule search has not been done.
#  Modification time never checked.
#  File has not been updated.

user/wc.o: user/wc.c kernel/types.h kernel/stat.h user/user.h
#  Implicit rule search has not been done.
#  Modification time never checked.
#  File has not been updated.

kernel/start.o: kernel/start.c kernel/types.h kernel/param.h kernel/memlayout.h kernel/riscv.h kernel/defs.h
#  Implicit rule search has not been done.
#  Modification time never checked.
#  File has not been updated.

# Not a target:
user/sh.d:
#  Implicit rule search has been done.
#  Last modified 2022-01-26 00:28:42.560204256
#  File has been updated.
#  Successfully updated.

user/usys.o: user/usys.S user/usys.S kernel/syscall.h
#  Implicit rule search has not been done.
#  Modification time never checked.
#  File has not been updated.
#  recipe to execute (from 'Makefile', line 162):
	$(CC) $(CFLAGS) -c -o $U/usys.o $U/usys.S

# Not a target:
kernel/vm.c:
#  Implicit rule search has not been done.
#  Modification time never checked.
#  File has not been updated.

# Not a target:
kernel/date.h:
#  Implicit rule search has not been done.
#  Modification time never checked.
#  File has not been updated.

# Not a target:
kernel/uart.d:
#  Implicit rule search has been done.
#  Last modified 2022-01-26 00:28:41.55621997
#  File has been updated.
#  Successfully updated.

user/ls.o: user/ls.c kernel/types.h kernel/stat.h user/user.h kernel/fs.h
#  Implicit rule search has not been done.
#  Modification time never checked.
#  File has not been updated.

# Not a target:
kernel/sleeplock.d:
#  Implicit rule search has been done.
#  Last modified 2022-01-26 00:28:41.084227339
#  File has been updated.
#  Successfully updated.

# Not a target:
user/_ls:
#  Implicit rule search has not been done.
#  Modification time never checked.
#  File has not been updated.

# Not a target:
user/init.d:
#  Implicit rule search has been done.
#  Last modified 2022-01-26 00:28:42.260208961
#  File has been updated.
#  Successfully updated.

# Not a target:
kernel/sysproc.c:
#  Implicit rule search has not been done.
#  Modification time never checked.
#  File has not been updated.

user/stressfs.o: user/stressfs.c kernel/types.h kernel/stat.h user/user.h kernel/fs.h kernel/fcntl.h
#  Implicit rule search has not been done.
#  Modification time never checked.
#  File has not been updated.

# Not a target:
kernel/riscv.h:
#  Implicit rule search has not been done.
#  Modification time never checked.
#  File has not been updated.

# Not a target:
user/user.h:
#  Implicit rule search has not been done.
#  Modification time never checked.
#  File has not been updated.

# Not a target:
kernel/kalloc.c:
#  Implicit rule search has not been done.
#  Modification time never checked.
#  File has not been updated.

# Not a target:
user/usys.pl:
#  Implicit rule search has not been done.
#  Modification time never checked.
#  File has not been updated.

kernel/console.o: kernel/console.c /usr/local/lib/gcc/riscv64-unknown-elf/11.1.0/include/stdarg.h kernel/types.h kernel/param.h kernel/spinlock.h kernel/sleeplock.h kernel/fs.h kernel/file.h kernel/memlayout.h kernel/riscv.h kernel/defs.h kernel/proc.h
#  Implicit rule search has not been done.
#  Modification time never checked.
#  File has not been updated.

user/ulib.o: user/ulib.c kernel/types.h kernel/stat.h kernel/fcntl.h user/user.h
#  Implicit rule search has not been done.
#  Modification time never checked.
#  File has not been updated.

# Not a target:
kernel/syscall.d:
#  Implicit rule search has been done.
#  Last modified 2022-01-26 00:28:40.800231758
#  File has been updated.
#  Successfully updated.

# Not a target:
user/rm.d:
#  Implicit rule search has been done.
#  Last modified 2022-01-26 00:28:42.464205762
#  File has been updated.
#  Successfully updated.

# Not a target:
kernel/virtio.h:
#  Implicit rule search has not been done.
#  Modification time never checked.
#  File has not been updated.

user/initcode: user/initcode.S
#  Implicit rule search has not been done.
#  Modification time never checked.
#  File has not been updated.
#  recipe to execute (from 'Makefile', line 139):
	$(CC) $(CFLAGS) -march=rv64g -nostdinc -I. -Ikernel -c $U/initcode.S -o $U/initcode.o
	$(LD) $(LDFLAGS) -N -e start -Ttext 0 -o $U/initcode.out $U/initcode.o
	$(OBJCOPY) -S -O binary $U/initcode.out $U/initcode
	$(OBJDUMP) -S $U/initcode.o > $U/initcode.asm

# Not a target:
/usr/local/lib/gcc/riscv64-unknown-elf/11.1.0/include/stdarg.h:
#  Implicit rule search has not been done.
#  Modification time never checked.
#  File has not been updated.

user/initcode.o: user/initcode.S kernel/syscall.h
#  Implicit rule search has not been done.
#  Modification time never checked.
#  File has not been updated.

# Not a target:
kernel/types.h:
#  Implicit rule search has not been done.
#  Modification time never checked.
#  File has not been updated.

# makefile (from 'Makefile', line 132)
kernel/entry.o: EXTRAFLAG := 
# Not a target:
kernel/entry.o:
#  Implicit rule search has not been done.
#  Modification time never checked.
#  File has not been updated.
# variable set hash-table stats:
# Load=1/32=3%, Rehash=0, Collisions=0/2=0%

# Not a target:
kernel/vm.d:
#  Implicit rule search has been done.
#  Last modified 2022-01-26 00:28:40.59223499
#  File has been updated.
#  Successfully updated.

# makefile (from 'Makefile', line 132)
kernel/pipe.o: EXTRAFLAG := 
kernel/pipe.o: kernel/pipe.c kernel/types.h kernel/riscv.h kernel/defs.h kernel/param.h kernel/spinlock.h kernel/proc.h kernel/fs.h kernel/sleeplock.h kernel/file.h
#  Implicit rule search has not been done.
#  Modification time never checked.
#  File has not been updated.
# variable set hash-table stats:
# Load=1/32=3%, Rehash=0, Collisions=0/2=0%

# Not a target:
kernel/file.c:
#  Implicit rule search has not been done.
#  Modification time never checked.
#  File has not been updated.

user/grep.o: user/grep.c kernel/types.h kernel/stat.h user/user.h
#  Implicit rule search has not been done.
#  Modification time never checked.
#  File has not been updated.

# Not a target:
user/_grep:
#  Implicit rule search has not been done.
#  Modification time never checked.
#  File has not been updated.

user/test.o: user/test.c kernel/types.h kernel/stat.h user/user.h
#  Implicit rule search has not been done.
#  Modification time never checked.
#  File has not been updated.

user/zombie.o: user/zombie.c kernel/types.h kernel/stat.h user/user.h
#  Implicit rule search has not been done.
#  Modification time never checked.
#  File has not been updated.

# Not a target:
user/forktest.d:
#  Implicit rule search has been done.
#  Last modified 2022-01-26 00:28:42.164210467
#  File has been updated.
#  Successfully updated.

# Not a target:
kernel/spinlock.c:
#  Implicit rule search has not been done.
#  Modification time never checked.
#  File has not been updated.

# Not a target:
kernel/proc.c:
#  Implicit rule search has not been done.
#  Modification time never checked.
#  File has not been updated.

# Not a target:
user/echo.d:
#  Implicit rule search has been done.
#  Last modified 2022-01-26 00:28:42.124211094
#  File has been updated.
#  Successfully updated.

# Not a target:
user/usertests.d:
#  Implicit rule search has been done.
#  Last modified 2022-01-26 00:28:42.988197544
#  File has been updated.
 
#  Successfully updated.

# Not a target:
user/_grind:
#  Implicit rule search has not been done.
#  Modification time never checked.
#  File has not been updated.

# makefile (from 'Makefile', line 132)
kernel/main.o: EXTRAFLAG := 
kernel/main.o: kernel/main.c kernel/types.h kernel/param.h kernel/memlayout.h kernel/riscv.h kernel/defs.h
#  Implicit rule search has not been done.
#  Modification time never checked.
#  File has not been updated.
# variable set hash-table stats:
# Load=1/32=3%, Rehash=0, Collisions=0/2=0%

# Not a target:
kernel/string.c:
#  Implicit rule search has not been done.
#  Modification time never checked.
#  File has not been updated.

# files hash-table stats:
# Load=218/1024=21%, Rehash=0, Collisions=58/753=8%
# VPATH Search Paths

# No 'vpath' search paths.

# No general ('VPATH' variable) search path.

# strcache buffers: 1 (0) / strings = 478 / storage = 5191 B / avg = 10 B
# current buf: size = 8162 B / used = 5191 B / count = 478 / avg = 10 B

# strcache performance: lookups = 968 / hit rate = 50%
# hash-table stats:
# Load=478/8192=6%, Rehash=0, Collisions=49/968=5%
# Finished Make data base on Wed Jan 26 01:32:57 2022

 
